Debug\NP_hw3.ilk
Debug\NP_hw3.pdb
F:\np3\winsock\NP_hw3\Debug\cl.command.1.tlog
F:\np3\winsock\NP_hw3\Debug\CL.read.1.tlog
F:\np3\winsock\NP_hw3\Debug\CL.write.1.tlog
F:\np3\winsock\NP_hw3\Debug\link.2244.read.1.tlog
F:\np3\winsock\NP_hw3\Debug\link.2244.write.1.tlog
F:\np3\winsock\NP_hw3\Debug\link.2244-cvtres.read.1.tlog
F:\np3\winsock\NP_hw3\Debug\link.2244-cvtres.write.1.tlog
F:\np3\winsock\NP_hw3\Debug\link.2596.read.1.tlog
F:\np3\winsock\NP_hw3\Debug\link.2596.write.1.tlog
F:\np3\winsock\NP_hw3\Debug\link.2596-cvtres.read.1.tlog
F:\np3\winsock\NP_hw3\Debug\link.2596-cvtres.write.1.tlog
F:\np3\winsock\NP_hw3\Debug\link.3716.read.1.tlog
F:\np3\winsock\NP_hw3\Debug\link.3716.write.1.tlog
F:\np3\winsock\NP_hw3\Debug\link.3716-cvtres.read.1.tlog
F:\np3\winsock\NP_hw3\Debug\link.3716-cvtres.write.1.tlog
F:\np3\winsock\NP_hw3\Debug\link.4424.read.1.tlog
F:\np3\winsock\NP_hw3\Debug\link.4424.write.1.tlog
F:\np3\winsock\NP_hw3\Debug\link.4424-cvtres.read.1.tlog
F:\np3\winsock\NP_hw3\Debug\link.4424-cvtres.write.1.tlog
F:\np3\winsock\NP_hw3\Debug\link.4696.read.1.tlog
F:\np3\winsock\NP_hw3\Debug\link.4696.write.1.tlog
F:\np3\winsock\NP_hw3\Debug\link.4696-cvtres.read.1.tlog
F:\np3\winsock\NP_hw3\Debug\link.4696-cvtres.write.1.tlog
F:\np3\winsock\NP_hw3\Debug\link.5172.read.1.tlog
F:\np3\winsock\NP_hw3\Debug\link.5172.write.1.tlog
F:\np3\winsock\NP_hw3\Debug\link.5172-cvtres.read.1.tlog
F:\np3\winsock\NP_hw3\Debug\link.5172-cvtres.write.1.tlog
F:\np3\winsock\NP_hw3\Debug\link.5484.read.1.tlog
F:\np3\winsock\NP_hw3\Debug\link.5484.write.1.tlog
F:\np3\winsock\NP_hw3\Debug\link.5484-cvtres.read.1.tlog
F:\np3\winsock\NP_hw3\Debug\link.5484-cvtres.write.1.tlog
F:\np3\winsock\NP_hw3\Debug\link.6012.read.1.tlog
F:\np3\winsock\NP_hw3\Debug\link.6012.write.1.tlog
F:\np3\winsock\NP_hw3\Debug\link.6012-cvtres.read.1.tlog
F:\np3\winsock\NP_hw3\Debug\link.6012-cvtres.write.1.tlog
F:\np3\winsock\NP_hw3\Debug\link.652.read.1.tlog
F:\np3\winsock\NP_hw3\Debug\link.652.write.1.tlog
F:\np3\winsock\NP_hw3\Debug\link.652-cvtres.read.1.tlog
F:\np3\winsock\NP_hw3\Debug\link.652-cvtres.write.1.tlog
F:\np3\winsock\NP_hw3\Debug\link.868.read.1.tlog
F:\np3\winsock\NP_hw3\Debug\link.868.write.1.tlog
F:\np3\winsock\NP_hw3\Debug\link.868-cvtres.read.1.tlog
F:\np3\winsock\NP_hw3\Debug\link.868-cvtres.write.1.tlog
F:\np3\winsock\NP_hw3\Debug\link.command.1.tlog
F:\np3\winsock\NP_hw3\Debug\link.read.1.tlog
F:\np3\winsock\NP_hw3\Debug\link.write.1.tlog
F:\np3\winsock\NP_hw3\Debug\link-cvtres.read.1.tlog
F:\np3\winsock\NP_hw3\Debug\link-cvtres.write.1.tlog
F:\np3\winsock\NP_hw3\Debug\mt.command.1.tlog
F:\np3\winsock\NP_hw3\Debug\mt.read.1.tlog
F:\np3\winsock\NP_hw3\Debug\mt.write.1.tlog
F:\NP3\WINSOCK\NP_HW3\DEBUG\NP_HW3.EXE
F:\NP3\WINSOCK\NP_HW3\DEBUG\NP_HW3.EXE.EMBED.MANIFEST
F:\NP3\WINSOCK\NP_HW3\DEBUG\NP_HW3.EXE.EMBED.MANIFEST.RES
F:\np3\winsock\NP_hw3\Debug\NP_hw3.exe.intermediate.manifest
F:\NP3\WINSOCK\NP_HW3\DEBUG\NP_HW3.ILK
F:\NP3\WINSOCK\NP_HW3\DEBUG\NP_HW3.OBJ
F:\NP3\WINSOCK\NP_HW3\DEBUG\NP_HW3.PDB
F:\NP3\WINSOCK\NP_HW3\DEBUG\NP_HW3.RES
F:\np3\winsock\NP_hw3\Debug\NP_hw3.vcxprojResolveAssemblyReference.cache
F:\np3\winsock\NP_hw3\Debug\NP_hw3.write.1.tlog
F:\np3\winsock\NP_hw3\Debug\NP_hw3_manifest.rc
F:\np3\winsock\NP_hw3\Debug\rc.command.1.tlog
F:\np3\winsock\NP_hw3\Debug\rc.read.1.tlog
F:\np3\winsock\NP_hw3\Debug\rc.write.1.tlog
F:\np3\winsock\NP_hw3\Debug\vc100.idb
F:\NP3\WINSOCK\NP_HW3\DEBUG\VC100.PDB
